2025-02-03 12:51:08.4783 | DEBUG | Hosting starting 
2025-02-03 12:51:09.2908 | DEBUG | Registered model binder providers, in the following order: Microsoft.AspNetCore.Mvc.ModelBinding.Binders.BinderTypeModelBinderProvider, Microsoft.AspNetCore.Mvc.ModelBinding.Binders.ServicesModelBinderProvider, Microsoft.AspNetCore.Mvc.ModelBinding.Binders.BodyModelBinderProvider, Microsoft.AspNetCore.Mvc.ModelBinding.Binders.HeaderModelBinderProvider, Microsoft.AspNetCore.Mvc.ModelBinding.Binders.FloatingPointTypeModelBinderProvider, Microsoft.AspNetCore.Mvc.ModelBinding.Binders.EnumTypeModelBinderProvider, Microsoft.AspNetCore.Mvc.ModelBinding.Binders.DateTimeModelBinderProvider, Microsoft.AspNetCore.Mvc.ModelBinding.Binders.TryParseModelBinderProvider, Microsoft.AspNetCore.Mvc.ModelBinding.Binders.SimpleTypeModelBinderProvider, Microsoft.AspNetCore.Mvc.ModelBinding.Binders.CancellationTokenModelBinderProvider, Microsoft.AspNetCore.Mvc.ModelBinding.Binders.ByteArrayModelBinderProvider, Microsoft.AspNetCore.Mvc.ModelBinding.Binders.FormFileModelBinderProvider, Microsoft.AspNetCore.Mvc.ModelBinding.Binders.FormCollectionModelBinderProvider, Microsoft.AspNetCore.Mvc.ModelBinding.Binders.KeyValuePairModelBinderProvider, Microsoft.AspNetCore.Mvc.ModelBinding.Binders.DictionaryModelBinderProvider, Microsoft.AspNetCore.Mvc.ModelBinding.Binders.ArrayModelBinderProvider, Microsoft.AspNetCore.Mvc.ModelBinding.Binders.CollectionModelBinderProvider, Microsoft.AspNetCore.Mvc.ModelBinding.Binders.ComplexObjectModelBinderProvider 
2025-02-03 12:51:09.8558 | INFO | Now listening on: http://localhost:5298 
2025-02-03 12:51:09.8558 | DEBUG | Loaded hosting startup assembly CoreEmptyWebApplication1 
2025-02-03 12:51:09.8558 | DEBUG | Loaded hosting startup assembly Microsoft.AspNetCore.Watch.BrowserRefresh 
2025-02-03 12:51:09.8558 | DEBUG | Loaded hosting startup assembly Microsoft.WebTools.BrowserLink.Net 
2025-02-03 12:51:09.8719 | INFO | Application started. Press Ctrl+C to shut down. 
2025-02-03 12:51:09.8719 | INFO | Hosting environment: Development 
2025-02-03 12:51:09.8719 | INFO | Content root path: F:\Rohanshu\RKIT-Main\RKIT-Training\DOTNET-CORE\CoreEmptyWebApplication1 
2025-02-03 12:51:09.8719 | DEBUG | Hosting started 
2025-02-03 12:51:09.8936 | DEBUG | Connection id "0HNA44DAHO188" accepted. 
2025-02-03 12:51:09.8936 | DEBUG | Connection id "0HNA44DAHO188" started. 
2025-02-03 12:51:10.0969 | DEBUG | Connection id "0HNA44DAHO189" accepted. 
2025-02-03 12:51:10.0969 | DEBUG | Connection id "0HNA44DAHO189" started. 
2025-02-03 12:51:11.6611 | DEBUG | Connection id "0HNA44DAHO18A" accepted. 
2025-02-03 12:51:11.6732 | DEBUG | Connection id "0HNA44DAHO18A" started. 
2025-02-03 12:51:11.7053 | DEBUG | Connection id "0HNA44DAHO18B" accepted. 
2025-02-03 12:51:11.7392 | DEBUG | Connection id "0HNA44DAHO18B" started. 
2025-02-03 12:51:12.0612 | INFO | Request starting HTTP/1.1 GET http://localhost:5298/ - - 
2025-02-03 12:51:12.1983 | DEBUG | Wildcard detected, all requests with hosts will be allowed. 
2025-02-03 12:51:12.1983 | TRACE | All hosts are allowed. 
2025-02-03 12:51:12.2909 | DEBUG | The request path  does not match the path filter 
2025-02-03 12:51:12.3404 | DEBUG | No candidates found for the request path '/' 
2025-02-03 12:51:12.3404 | DEBUG | Request did not match any endpoints 
2025-02-03 12:51:12.4069 | DEBUG | Connection id "0HNA44DAHO18B" completed keep alive response. 
2025-02-03 12:51:12.4218 | INFO | Request finished HTTP/1.1 GET http://localhost:5298/ - - - 404 0 - 379.7142ms 
2025-02-03 12:51:13.5797 | DEBUG | Connection id "0HNA44DAHO18A" received FIN. 
2025-02-03 12:51:13.5797 | DEBUG | Connection id "0HNA44DAHO18B" received FIN. 
2025-02-03 12:51:13.5950 | DEBUG | Connection id "0HNA44DAHO18A" sending FIN because: "The client closed the connection." 
2025-02-03 12:51:13.6098 | DEBUG | Connection id "0HNA44DAHO18B" disconnecting. 
2025-02-03 12:51:13.6098 | DEBUG | Connection id "0HNA44DAHO18B" sending FIN because: "The client closed the connection." 
2025-02-03 12:51:13.6098 | DEBUG | Connection id "0HNA44DAHO18A" disconnecting. 
2025-02-03 12:51:13.6335 | DEBUG | Connection id "0HNA44DAHO18A" stopped. 
2025-02-03 12:51:13.6098 | DEBUG | Connection id "0HNA44DAHO18B" stopped. 
