2025-01-30 17:31:18.5017 | DEBUG | Hosting starting 
2025-01-30 17:31:19.4775 | DEBUG | Registered model binder providers, in the following order: Microsoft.AspNetCore.Mvc.ModelBinding.Binders.BinderTypeModelBinderProvider, Microsoft.AspNetCore.Mvc.ModelBinding.Binders.ServicesModelBinderProvider, Microsoft.AspNetCore.Mvc.ModelBinding.Binders.BodyModelBinderProvider, Microsoft.AspNetCore.Mvc.ModelBinding.Binders.HeaderModelBinderProvider, Microsoft.AspNetCore.Mvc.ModelBinding.Binders.FloatingPointTypeModelBinderProvider, Microsoft.AspNetCore.Mvc.ModelBinding.Binders.EnumTypeModelBinderProvider, Microsoft.AspNetCore.Mvc.ModelBinding.Binders.DateTimeModelBinderProvider, Microsoft.AspNetCore.Mvc.ModelBinding.Binders.TryParseModelBinderProvider, Microsoft.AspNetCore.Mvc.ModelBinding.Binders.SimpleTypeModelBinderProvider, Microsoft.AspNetCore.Mvc.ModelBinding.Binders.CancellationTokenModelBinderProvider, Microsoft.AspNetCore.Mvc.ModelBinding.Binders.ByteArrayModelBinderProvider, Microsoft.AspNetCore.Mvc.ModelBinding.Binders.FormFileModelBinderProvider, Microsoft.AspNetCore.Mvc.ModelBinding.Binders.FormCollectionModelBinderProvider, Microsoft.AspNetCore.Mvc.ModelBinding.Binders.KeyValuePairModelBinderProvider, Microsoft.AspNetCore.Mvc.ModelBinding.Binders.DictionaryModelBinderProvider, Microsoft.AspNetCore.Mvc.ModelBinding.Binders.ArrayModelBinderProvider, Microsoft.AspNetCore.Mvc.ModelBinding.Binders.CollectionModelBinderProvider, Microsoft.AspNetCore.Mvc.ModelBinding.Binders.ComplexObjectModelBinderProvider 
2025-01-30 17:31:20.9782 | DEBUG | Loaded hosting startup assembly FullDemo 
2025-01-30 17:31:20.9782 | DEBUG | Loaded hosting startup assembly Microsoft.AspNetCore.Watch.BrowserRefresh 
2025-01-30 17:31:20.9782 | DEBUG | Loaded hosting startup assembly Microsoft.WebTools.BrowserLink.Net 
2025-01-30 17:31:20.9998 | DEBUG | Hosting started 
2025-01-30 17:31:21.4253 | DEBUG | Connection id "0HNA14N7UIION" received FIN. 
2025-01-30 17:31:21.4698 | DEBUG | Connection id "0HNA14N7UIION" accepted. 
2025-01-30 17:31:21.4698 | DEBUG | Connection id "0HNA14N7UIION" started. 
2025-01-30 17:31:21.5356 | DEBUG | Connection id "0HNA14N7UIION" sending FIN because: "The client closed the connection." 
2025-01-30 17:31:21.5356 | DEBUG | Connection id "0HNA14N7UIION" disconnecting. 
2025-01-30 17:31:21.5473 | DEBUG | Connection id "0HNA14N7UIION" stopped. 
2025-01-30 17:31:23.9455 | DEBUG | Connection id "0HNA14N7UIIOO" accepted. 
2025-01-30 17:31:24.0963 | DEBUG | Connection id "0HNA14N7UIIOO" started. 
2025-01-30 17:31:24.1594 | DEBUG | Connection id "0HNA14N7UIIOP" accepted. 
2025-01-30 17:31:24.1594 | DEBUG | Connection id "0HNA14N7UIIOP" started. 
2025-01-30 17:31:24.7432 | DEBUG | Wildcard detected, all requests with hosts will be allowed. 
2025-01-30 17:31:25.1575 | DEBUG | Response markup is scheduled to include browser refresh script injection. 
2025-01-30 17:31:25.3496 | DEBUG | Connection id "0HNA14N7UIIOO" received FIN. 
2025-01-30 17:31:25.3496 | DEBUG | Connection id "0HNA14N7UIIOO" sending FIN because: "The client closed the connection." 
2025-01-30 17:31:25.3496 | DEBUG | Connection id "0HNA14N7UIIOO" disconnecting. 
2025-01-30 17:31:25.3547 | DEBUG | Connection id "0HNA14N7UIIOO" stopped. 
2025-01-30 17:31:25.5358 | DEBUG | Response markup was updated to include browser refresh script injection. 
2025-01-30 17:31:25.5358 | DEBUG | Connection id "0HNA14N7UIIOP" completed keep alive response. 
2025-01-30 17:31:25.5358 | DEBUG | Connection id "0HNA14N7UIIOP" received FIN. 
2025-01-30 17:31:25.5358 | DEBUG | Connection id "0HNA14N7UIIOP" sending FIN because: "The client closed the connection." 
2025-01-30 17:31:25.5358 | DEBUG | Connection id "0HNA14N7UIIOP" disconnecting. 
2025-01-30 17:31:25.5567 | DEBUG | Connection id "0HNA14N7UIIOP" stopped. 
2025-01-30 17:31:25.5699 | DEBUG | Connection id "0HNA14N7UIIOQ" accepted. 
2025-01-30 17:31:25.5699 | DEBUG | Connection id "0HNA14N7UIIOQ" started. 
2025-01-30 17:31:25.5797 | DEBUG | Connection id "0HNA14N7UIIOQ" completed keep alive response. 
2025-01-30 17:31:25.6261 | DEBUG | Connection id "0HNA14N7UIIOR" accepted. 
2025-01-30 17:31:25.6261 | DEBUG | Connection id "0HNA14N7UIIOR" started. 
2025-01-30 17:31:25.8470 | DEBUG | Connection id "0HNA14N7UIIOR" completed keep alive response. 
2025-01-30 17:31:26.5049 | DEBUG | Connection id "0HNA14N7UIIOR" completed keep alive response. 
2025-01-30 17:31:29.1661 | DEBUG | Connection id "0HNA14N7UIIOQ" received FIN. 
2025-01-30 17:31:29.1678 | DEBUG | Connection id "0HNA14N7UIIOR" received FIN. 
2025-01-30 17:31:29.1678 | DEBUG | Connection id "0HNA14N7UIIOQ" disconnecting. 
2025-01-30 17:31:29.1678 | DEBUG | Connection id "0HNA14N7UIIOQ" stopped. 
2025-01-30 17:31:29.1678 | DEBUG | Connection id "0HNA14N7UIIOR" disconnecting. 
2025-01-30 17:31:29.1678 | DEBUG | Connection id "0HNA14N7UIIOR" stopped. 
2025-01-30 17:31:29.1678 | DEBUG | Connection id "0HNA14N7UIIOR" sending FIN because: "The Socket transport's send loop completed gracefully." 
2025-01-30 17:31:29.1678 | DEBUG | Connection id "0HNA14N7UIIOQ" sending FIN because: "The Socket transport's send loop completed gracefully." 
2025-01-30 17:31:30.1021 | DEBUG | Connection id "0HNA14N7UIIOS" accepted. 
2025-01-30 17:31:30.1021 | DEBUG | Connection id "0HNA14N7UIIOS" started. 
2025-01-30 17:31:30.1061 | DEBUG | The request path  does not match the path filter 
2025-01-30 17:31:30.1427 | DEBUG | 1 candidate(s) found for the request path '/api/Items' 
2025-01-30 17:31:30.1427 | DEBUG | Endpoint 'FullDemo.Controllers.ItemsController.GetItems (FullDemo)' with route pattern 'api/Items' is valid for the request path '/api/Items' 
2025-01-30 17:31:30.1427 | DEBUG | Request matched endpoint 'FullDemo.Controllers.ItemsController.GetItems (FullDemo)' 
2025-01-30 17:31:30.1663 | DEBUG | Execution plan of authorization filters (in the following order): None 
2025-01-30 17:31:30.1663 | DEBUG | Execution plan of resource filters (in the following order): None 
2025-01-30 17:31:30.1663 | DEBUG | Execution plan of action filters (in the following order): Microsoft.AspNetCore.Mvc.ModelBinding.UnsupportedContentTypeFilter (Order: -3000), Microsoft.AspNetCore.Mvc.Infrastructure.ModelStateInvalidFilter (Order: -2000) 
2025-01-30 17:31:30.1663 | DEBUG | Execution plan of exception filters (in the following order): FullDemo.Filters.CustomExceptionFilter 
2025-01-30 17:31:30.1663 | DEBUG | Execution plan of result filters (in the following order): Microsoft.AspNetCore.Mvc.Infrastructure.ClientErrorResultFilter (Order: -2000) 
2025-01-30 17:31:30.1663 | DEBUG | Executing controller factory for controller FullDemo.Controllers.ItemsController (FullDemo) 
2025-01-30 17:31:30.1663 | DEBUG | Executed controller factory for controller FullDemo.Controllers.ItemsController (FullDemo) 
