2025-03-05 12:52:22.3855 | TRACE | All hosts are allowed. 
2025-03-05 12:52:23.4521 | TRACE | All hosts are allowed. 
2025-03-05 12:56:58.5263 | TRACE | All hosts are allowed. 
2025-03-05 12:56:59.2584 | TRACE | All hosts are allowed. 
2025-03-05 12:57:44.3153 | TRACE | All hosts are allowed. 
2025-03-05 12:57:44.9692 | TRACE | Action Filter: Before executing OnActionExecuting on filter Microsoft.AspNetCore.Mvc.ModelBinding.UnsupportedContentTypeFilter. 
2025-03-05 12:57:44.9692 | TRACE | Action Filter: After executing OnActionExecuting on filter Microsoft.AspNetCore.Mvc.ModelBinding.UnsupportedContentTypeFilter. 
2025-03-05 12:57:44.9692 | TRACE | Action Filter: Before executing OnActionExecuting on filter Microsoft.AspNetCore.Mvc.Infrastructure.ModelStateInvalidFilter. 
2025-03-05 12:57:44.9692 | TRACE | Action Filter: After executing OnActionExecuting on filter Microsoft.AspNetCore.Mvc.Infrastructure.ModelStateInvalidFilter. 
2025-03-05 12:57:44.9692 | TRACE | Executing action method FullDemo.Controllers.UsersController.Signup (FullDemo) with arguments (FullDemo.Models.DTO.DTOITH01) 
2025-03-05 12:57:47.6894 | TRACE | Action Filter: Before executing OnActionExecuted on filter Microsoft.AspNetCore.Mvc.Infrastructure.ModelStateInvalidFilter. 
2025-03-05 12:57:47.6894 | TRACE | Action Filter: After executing OnActionExecuted on filter Microsoft.AspNetCore.Mvc.Infrastructure.ModelStateInvalidFilter. 
2025-03-05 12:57:47.6894 | TRACE | Action Filter: Before executing OnActionExecuted on filter Microsoft.AspNetCore.Mvc.ModelBinding.UnsupportedContentTypeFilter. 
2025-03-05 12:57:47.6894 | TRACE | Action Filter: After executing OnActionExecuted on filter Microsoft.AspNetCore.Mvc.ModelBinding.UnsupportedContentTypeFilter. 
2025-03-05 12:57:47.6894 | TRACE | Result Filter: Before executing OnResultExecuting on filter Microsoft.AspNetCore.Mvc.Infrastructure.ClientErrorResultFilter. 
2025-03-05 12:57:47.6894 | TRACE | Result Filter: After executing OnResultExecuting on filter Microsoft.AspNetCore.Mvc.Infrastructure.ClientErrorResultFilter. 
2025-03-05 12:57:47.6894 | TRACE | Before executing action result Microsoft.AspNetCore.Mvc.OkObjectResult. 
2025-03-05 12:57:47.7153 | TRACE | After executing action result Microsoft.AspNetCore.Mvc.OkObjectResult. 
2025-03-05 12:57:47.7153 | TRACE | Result Filter: Before executing OnResultExecuted on filter Microsoft.AspNetCore.Mvc.Infrastructure.ClientErrorResultFilter. 
2025-03-05 12:57:47.7153 | TRACE | Result Filter: After executing OnResultExecuted on filter Microsoft.AspNetCore.Mvc.Infrastructure.ClientErrorResultFilter. 
2025-03-05 12:58:09.9683 | TRACE | All hosts are allowed. 
2025-03-05 12:58:09.9829 | TRACE | Action Filter: Before executing OnActionExecuting on filter Microsoft.AspNetCore.Mvc.ModelBinding.UnsupportedContentTypeFilter. 
2025-03-05 12:58:09.9829 | TRACE | Action Filter: After executing OnActionExecuting on filter Microsoft.AspNetCore.Mvc.ModelBinding.UnsupportedContentTypeFilter. 
2025-03-05 12:58:09.9829 | TRACE | Action Filter: Before executing OnActionExecuting on filter Microsoft.AspNetCore.Mvc.Infrastructure.ModelStateInvalidFilter. 
2025-03-05 12:58:09.9829 | TRACE | Action Filter: After executing OnActionExecuting on filter Microsoft.AspNetCore.Mvc.Infrastructure.ModelStateInvalidFilter. 
2025-03-05 12:58:09.9829 | TRACE | Executing action method FullDemo.Controllers.UsersController.Login (FullDemo) with arguments (FullDemo.Models.DTO.DTOITH02) 
2025-03-05 12:58:10.6566 | TRACE | Action Filter: Before executing OnActionExecuted on filter Microsoft.AspNetCore.Mvc.Infrastructure.ModelStateInvalidFilter. 
2025-03-05 12:58:10.6566 | TRACE | Action Filter: After executing OnActionExecuted on filter Microsoft.AspNetCore.Mvc.Infrastructure.ModelStateInvalidFilter. 
2025-03-05 12:58:10.6566 | TRACE | Action Filter: Before executing OnActionExecuted on filter Microsoft.AspNetCore.Mvc.ModelBinding.UnsupportedContentTypeFilter. 
2025-03-05 12:58:10.6566 | TRACE | Action Filter: After executing OnActionExecuted on filter Microsoft.AspNetCore.Mvc.ModelBinding.UnsupportedContentTypeFilter. 
2025-03-05 12:58:10.6566 | TRACE | Result Filter: Before executing OnResultExecuting on filter Microsoft.AspNetCore.Mvc.Infrastructure.ClientErrorResultFilter. 
2025-03-05 12:58:10.6566 | TRACE | Result Filter: After executing OnResultExecuting on filter Microsoft.AspNetCore.Mvc.Infrastructure.ClientErrorResultFilter. 
2025-03-05 12:58:10.6566 | TRACE | Before executing action result Microsoft.AspNetCore.Mvc.OkObjectResult. 
2025-03-05 12:58:10.6566 | TRACE | After executing action result Microsoft.AspNetCore.Mvc.OkObjectResult. 
2025-03-05 12:58:10.6566 | TRACE | Result Filter: Before executing OnResultExecuted on filter Microsoft.AspNetCore.Mvc.Infrastructure.ClientErrorResultFilter. 
2025-03-05 12:58:10.6566 | TRACE | Result Filter: After executing OnResultExecuted on filter Microsoft.AspNetCore.Mvc.Infrastructure.ClientErrorResultFilter. 
2025-03-05 12:59:05.6563 | TRACE | All hosts are allowed. 
2025-03-05 12:59:05.6563 | TRACE | Action Filter: Before executing OnActionExecuting on filter Microsoft.AspNetCore.Mvc.ModelBinding.UnsupportedContentTypeFilter. 
2025-03-05 12:59:05.6563 | TRACE | Action Filter: After executing OnActionExecuting on filter Microsoft.AspNetCore.Mvc.ModelBinding.UnsupportedContentTypeFilter. 
2025-03-05 12:59:05.6563 | TRACE | Action Filter: Before executing OnActionExecuting on filter Microsoft.AspNetCore.Mvc.Infrastructure.ModelStateInvalidFilter. 
2025-03-05 12:59:05.6563 | TRACE | Action Filter: After executing OnActionExecuting on filter Microsoft.AspNetCore.Mvc.Infrastructure.ModelStateInvalidFilter. 
2025-03-05 12:59:05.7096 | TRACE | Action Filter: Before executing OnActionExecuted on filter Microsoft.AspNetCore.Mvc.Infrastructure.ModelStateInvalidFilter. 
2025-03-05 12:59:05.7096 | TRACE | Action Filter: After executing OnActionExecuted on filter Microsoft.AspNetCore.Mvc.Infrastructure.ModelStateInvalidFilter. 
2025-03-05 12:59:05.7096 | TRACE | Action Filter: Before executing OnActionExecuted on filter Microsoft.AspNetCore.Mvc.ModelBinding.UnsupportedContentTypeFilter. 
2025-03-05 12:59:05.7096 | TRACE | Action Filter: After executing OnActionExecuted on filter Microsoft.AspNetCore.Mvc.ModelBinding.UnsupportedContentTypeFilter. 
2025-03-05 12:59:05.7096 | TRACE | Result Filter: Before executing OnResultExecuting on filter Microsoft.AspNetCore.Mvc.Infrastructure.ClientErrorResultFilter. 
2025-03-05 12:59:05.7096 | TRACE | Result Filter: After executing OnResultExecuting on filter Microsoft.AspNetCore.Mvc.Infrastructure.ClientErrorResultFilter. 
2025-03-05 12:59:05.7096 | TRACE | Before executing action result Microsoft.AspNetCore.Mvc.NotFoundObjectResult. 
2025-03-05 12:59:05.7096 | TRACE | After executing action result Microsoft.AspNetCore.Mvc.NotFoundObjectResult. 
2025-03-05 12:59:05.7096 | TRACE | Result Filter: Before executing OnResultExecuted on filter Microsoft.AspNetCore.Mvc.Infrastructure.ClientErrorResultFilter. 
2025-03-05 12:59:05.7096 | TRACE | Result Filter: After executing OnResultExecuted on filter Microsoft.AspNetCore.Mvc.Infrastructure.ClientErrorResultFilter. 
2025-03-05 13:00:40.5979 | TRACE | All hosts are allowed. 
2025-03-05 13:00:40.7095 | TRACE | Action Filter: Before executing OnActionExecuting on filter Microsoft.AspNetCore.Mvc.ModelBinding.UnsupportedContentTypeFilter. 
2025-03-05 13:00:40.7095 | TRACE | Action Filter: After executing OnActionExecuting on filter Microsoft.AspNetCore.Mvc.ModelBinding.UnsupportedContentTypeFilter. 
2025-03-05 13:00:40.7095 | TRACE | Action Filter: Before executing OnActionExecuting on filter Microsoft.AspNetCore.Mvc.Infrastructure.ModelStateInvalidFilter. 
2025-03-05 13:00:40.7095 | TRACE | Action Filter: After executing OnActionExecuting on filter Microsoft.AspNetCore.Mvc.Infrastructure.ModelStateInvalidFilter. 
2025-03-05 13:00:40.7095 | TRACE | Executing action method FullDemo.Controllers.ItemsController.AddItem (FullDemo) with arguments (FullDemo.Models.DTO.DTOITH03) 
2025-03-05 13:03:02.7429 | TRACE | All hosts are allowed. 
2025-03-05 13:03:03.2761 | TRACE | All hosts are allowed. 
2025-03-05 13:03:21.3434 | TRACE | All hosts are allowed. 
2025-03-05 13:03:21.5328 | TRACE | Action Filter: Before executing OnActionExecuting on filter Microsoft.AspNetCore.Mvc.ModelBinding.UnsupportedContentTypeFilter. 
2025-03-05 13:03:21.5328 | TRACE | Action Filter: After executing OnActionExecuting on filter Microsoft.AspNetCore.Mvc.ModelBinding.UnsupportedContentTypeFilter. 
2025-03-05 13:03:21.5328 | TRACE | Action Filter: Before executing OnActionExecuting on filter Microsoft.AspNetCore.Mvc.Infrastructure.ModelStateInvalidFilter. 
2025-03-05 13:03:21.5328 | TRACE | Action Filter: After executing OnActionExecuting on filter Microsoft.AspNetCore.Mvc.Infrastructure.ModelStateInvalidFilter. 
2025-03-05 13:03:21.5328 | TRACE | Executing action method FullDemo.Controllers.UsersController.Login (FullDemo) with arguments (FullDemo.Models.DTO.DTOITH02) 
2025-03-05 13:03:22.6413 | TRACE | Action Filter: Before executing OnActionExecuted on filter Microsoft.AspNetCore.Mvc.Infrastructure.ModelStateInvalidFilter. 
2025-03-05 13:03:22.6413 | TRACE | Action Filter: After executing OnActionExecuted on filter Microsoft.AspNetCore.Mvc.Infrastructure.ModelStateInvalidFilter. 
2025-03-05 13:03:22.6413 | TRACE | Action Filter: Before executing OnActionExecuted on filter Microsoft.AspNetCore.Mvc.ModelBinding.UnsupportedContentTypeFilter. 
2025-03-05 13:03:22.6413 | TRACE | Action Filter: After executing OnActionExecuted on filter Microsoft.AspNetCore.Mvc.ModelBinding.UnsupportedContentTypeFilter. 
2025-03-05 13:03:22.6413 | TRACE | Result Filter: Before executing OnResultExecuting on filter Microsoft.AspNetCore.Mvc.Infrastructure.ClientErrorResultFilter. 
2025-03-05 13:03:22.6413 | TRACE | Result Filter: After executing OnResultExecuting on filter Microsoft.AspNetCore.Mvc.Infrastructure.ClientErrorResultFilter. 
2025-03-05 13:03:22.6431 | TRACE | Before executing action result Microsoft.AspNetCore.Mvc.OkObjectResult. 
2025-03-05 13:03:22.6636 | TRACE | After executing action result Microsoft.AspNetCore.Mvc.OkObjectResult. 
2025-03-05 13:03:22.6636 | TRACE | Result Filter: Before executing OnResultExecuted on filter Microsoft.AspNetCore.Mvc.Infrastructure.ClientErrorResultFilter. 
2025-03-05 13:03:22.6636 | TRACE | Result Filter: After executing OnResultExecuted on filter Microsoft.AspNetCore.Mvc.Infrastructure.ClientErrorResultFilter. 
2025-03-05 13:03:46.1942 | TRACE | All hosts are allowed. 
2025-03-05 13:03:46.2740 | TRACE | Action Filter: Before executing OnActionExecuting on filter Microsoft.AspNetCore.Mvc.ModelBinding.UnsupportedContentTypeFilter. 
2025-03-05 13:03:46.2740 | TRACE | Action Filter: After executing OnActionExecuting on filter Microsoft.AspNetCore.Mvc.ModelBinding.UnsupportedContentTypeFilter. 
2025-03-05 13:03:46.2740 | TRACE | Action Filter: Before executing OnActionExecuting on filter Microsoft.AspNetCore.Mvc.Infrastructure.ModelStateInvalidFilter. 
2025-03-05 13:03:46.2740 | TRACE | Action Filter: After executing OnActionExecuting on filter Microsoft.AspNetCore.Mvc.Infrastructure.ModelStateInvalidFilter. 
2025-03-05 13:03:46.2740 | TRACE | Executing action method FullDemo.Controllers.ItemsController.AddItem (FullDemo) with arguments (FullDemo.Models.DTO.DTOITH03) 
2025-03-05 13:03:47.1882 | TRACE | Action Filter: Before executing OnActionExecuted on filter Microsoft.AspNetCore.Mvc.Infrastructure.ModelStateInvalidFilter. 
2025-03-05 13:03:47.1882 | TRACE | Action Filter: After executing OnActionExecuted on filter Microsoft.AspNetCore.Mvc.Infrastructure.ModelStateInvalidFilter. 
2025-03-05 13:03:47.1882 | TRACE | Action Filter: Before executing OnActionExecuted on filter Microsoft.AspNetCore.Mvc.ModelBinding.UnsupportedContentTypeFilter. 
2025-03-05 13:03:47.1882 | TRACE | Action Filter: After executing OnActionExecuted on filter Microsoft.AspNetCore.Mvc.ModelBinding.UnsupportedContentTypeFilter. 
2025-03-05 13:03:47.1882 | TRACE | Result Filter: Before executing OnResultExecuting on filter Microsoft.AspNetCore.Mvc.Infrastructure.ClientErrorResultFilter. 
2025-03-05 13:03:47.1882 | TRACE | Result Filter: After executing OnResultExecuting on filter Microsoft.AspNetCore.Mvc.Infrastructure.ClientErrorResultFilter. 
2025-03-05 13:03:47.1882 | TRACE | Before executing action result Microsoft.AspNetCore.Mvc.OkObjectResult. 
2025-03-05 13:03:47.1882 | TRACE | After executing action result Microsoft.AspNetCore.Mvc.OkObjectResult. 
2025-03-05 13:03:47.1882 | TRACE | Result Filter: Before executing OnResultExecuted on filter Microsoft.AspNetCore.Mvc.Infrastructure.ClientErrorResultFilter. 
2025-03-05 13:03:47.1882 | TRACE | Result Filter: After executing OnResultExecuted on filter Microsoft.AspNetCore.Mvc.Infrastructure.ClientErrorResultFilter. 
2025-03-05 13:06:03.1242 | TRACE | All hosts are allowed. 
2025-03-05 13:06:03.7422 | TRACE | All hosts are allowed. 
2025-03-05 13:06:51.0242 | TRACE | All hosts are allowed. 
2025-03-05 13:06:51.1729 | TRACE | Action Filter: Before executing OnActionExecuting on filter Microsoft.AspNetCore.Mvc.ModelBinding.UnsupportedContentTypeFilter. 
2025-03-05 13:06:51.1729 | TRACE | Action Filter: After executing OnActionExecuting on filter Microsoft.AspNetCore.Mvc.ModelBinding.UnsupportedContentTypeFilter. 
2025-03-05 13:06:51.1729 | TRACE | Action Filter: Before executing OnActionExecuting on filter Microsoft.AspNetCore.Mvc.Infrastructure.ModelStateInvalidFilter. 
2025-03-05 13:06:51.1729 | TRACE | Action Filter: After executing OnActionExecuting on filter Microsoft.AspNetCore.Mvc.Infrastructure.ModelStateInvalidFilter. 
2025-03-05 13:06:51.1802 | TRACE | Executing action method FullDemo.Controllers.UsersController.Login (FullDemo) with arguments (FullDemo.Models.DTO.DTOITH02) 
2025-03-05 13:06:52.1768 | TRACE | Action Filter: Before executing OnActionExecuted on filter Microsoft.AspNetCore.Mvc.Infrastructure.ModelStateInvalidFilter. 
2025-03-05 13:06:52.1768 | TRACE | Action Filter: After executing OnActionExecuted on filter Microsoft.AspNetCore.Mvc.Infrastructure.ModelStateInvalidFilter. 
2025-03-05 13:06:52.1768 | TRACE | Action Filter: Before executing OnActionExecuted on filter Microsoft.AspNetCore.Mvc.ModelBinding.UnsupportedContentTypeFilter. 
2025-03-05 13:06:52.1768 | TRACE | Action Filter: After executing OnActionExecuted on filter Microsoft.AspNetCore.Mvc.ModelBinding.UnsupportedContentTypeFilter. 
2025-03-05 13:06:52.1768 | TRACE | Result Filter: Before executing OnResultExecuting on filter Microsoft.AspNetCore.Mvc.Infrastructure.ClientErrorResultFilter. 
2025-03-05 13:06:52.1768 | TRACE | Result Filter: After executing OnResultExecuting on filter Microsoft.AspNetCore.Mvc.Infrastructure.ClientErrorResultFilter. 
2025-03-05 13:06:52.1768 | TRACE | Before executing action result Microsoft.AspNetCore.Mvc.OkObjectResult. 
2025-03-05 13:06:52.2154 | TRACE | After executing action result Microsoft.AspNetCore.Mvc.OkObjectResult. 
2025-03-05 13:06:52.2154 | TRACE | Result Filter: Before executing OnResultExecuted on filter Microsoft.AspNetCore.Mvc.Infrastructure.ClientErrorResultFilter. 
2025-03-05 13:06:52.2154 | TRACE | Result Filter: After executing OnResultExecuted on filter Microsoft.AspNetCore.Mvc.Infrastructure.ClientErrorResultFilter. 
2025-03-05 13:07:13.3816 | TRACE | All hosts are allowed. 
2025-03-05 13:07:13.5068 | TRACE | Action Filter: Before executing OnActionExecuting on filter Microsoft.AspNetCore.Mvc.ModelBinding.UnsupportedContentTypeFilter. 
2025-03-05 13:07:13.5068 | TRACE | Action Filter: After executing OnActionExecuting on filter Microsoft.AspNetCore.Mvc.ModelBinding.UnsupportedContentTypeFilter. 
2025-03-05 13:07:13.5068 | TRACE | Action Filter: Before executing OnActionExecuting on filter Microsoft.AspNetCore.Mvc.Infrastructure.ModelStateInvalidFilter. 
2025-03-05 13:07:13.5068 | TRACE | Action Filter: After executing OnActionExecuting on filter Microsoft.AspNetCore.Mvc.Infrastructure.ModelStateInvalidFilter. 
2025-03-05 13:07:13.5068 | TRACE | Executing action method FullDemo.Controllers.ItemsController.AddItem (FullDemo) with arguments (FullDemo.Models.DTO.DTOITH03) 
2025-03-05 13:07:13.5443 | TRACE | Action Filter: Before executing OnActionExecuted on filter Microsoft.AspNetCore.Mvc.Infrastructure.ModelStateInvalidFilter. 
2025-03-05 13:07:13.5443 | TRACE | Action Filter: After executing OnActionExecuted on filter Microsoft.AspNetCore.Mvc.Infrastructure.ModelStateInvalidFilter. 
2025-03-05 13:07:13.5443 | TRACE | Action Filter: Before executing OnActionExecuted on filter Microsoft.AspNetCore.Mvc.ModelBinding.UnsupportedContentTypeFilter. 
2025-03-05 13:07:13.5443 | TRACE | Action Filter: After executing OnActionExecuted on filter Microsoft.AspNetCore.Mvc.ModelBinding.UnsupportedContentTypeFilter. 
2025-03-05 13:07:13.5443 | TRACE | Result Filter: Before executing OnResultExecuting on filter Microsoft.AspNetCore.Mvc.Infrastructure.ClientErrorResultFilter. 
2025-03-05 13:07:13.5443 | TRACE | Result Filter: After executing OnResultExecuting on filter Microsoft.AspNetCore.Mvc.Infrastructure.ClientErrorResultFilter. 
2025-03-05 13:07:13.5443 | TRACE | Before executing action result Microsoft.AspNetCore.Mvc.OkObjectResult. 
2025-03-05 13:07:13.5443 | TRACE | After executing action result Microsoft.AspNetCore.Mvc.OkObjectResult. 
2025-03-05 13:07:13.5443 | TRACE | Result Filter: Before executing OnResultExecuted on filter Microsoft.AspNetCore.Mvc.Infrastructure.ClientErrorResultFilter. 
2025-03-05 13:07:13.5443 | TRACE | Result Filter: After executing OnResultExecuted on filter Microsoft.AspNetCore.Mvc.Infrastructure.ClientErrorResultFilter. 
2025-03-05 13:07:38.4546 | TRACE | All hosts are allowed. 
2025-03-05 13:07:38.4673 | TRACE | Action Filter: Before executing OnActionExecuting on filter Microsoft.AspNetCore.Mvc.ModelBinding.UnsupportedContentTypeFilter. 
2025-03-05 13:07:38.4673 | TRACE | Action Filter: After executing OnActionExecuting on filter Microsoft.AspNetCore.Mvc.ModelBinding.UnsupportedContentTypeFilter. 
2025-03-05 13:07:38.4673 | TRACE | Action Filter: Before executing OnActionExecuting on filter Microsoft.AspNetCore.Mvc.Infrastructure.ModelStateInvalidFilter. 
2025-03-05 13:07:38.4673 | TRACE | Action Filter: After executing OnActionExecuting on filter Microsoft.AspNetCore.Mvc.Infrastructure.ModelStateInvalidFilter. 
2025-03-05 13:07:38.5415 | TRACE | Action Filter: Before executing OnActionExecuted on filter Microsoft.AspNetCore.Mvc.Infrastructure.ModelStateInvalidFilter. 
2025-03-05 13:07:38.5415 | TRACE | Action Filter: After executing OnActionExecuted on filter Microsoft.AspNetCore.Mvc.Infrastructure.ModelStateInvalidFilter. 
2025-03-05 13:07:38.5415 | TRACE | Action Filter: Before executing OnActionExecuted on filter Microsoft.AspNetCore.Mvc.ModelBinding.UnsupportedContentTypeFilter. 
2025-03-05 13:07:38.5415 | TRACE | Action Filter: After executing OnActionExecuted on filter Microsoft.AspNetCore.Mvc.ModelBinding.UnsupportedContentTypeFilter. 
2025-03-05 13:07:38.5415 | TRACE | Result Filter: Before executing OnResultExecuting on filter Microsoft.AspNetCore.Mvc.Infrastructure.ClientErrorResultFilter. 
2025-03-05 13:07:38.5415 | TRACE | Result Filter: After executing OnResultExecuting on filter Microsoft.AspNetCore.Mvc.Infrastructure.ClientErrorResultFilter. 
2025-03-05 13:07:38.5415 | TRACE | Before executing action result Microsoft.AspNetCore.Mvc.OkObjectResult. 
2025-03-05 13:07:38.5548 | TRACE | After executing action result Microsoft.AspNetCore.Mvc.OkObjectResult. 
2025-03-05 13:07:38.5548 | TRACE | Result Filter: Before executing OnResultExecuted on filter Microsoft.AspNetCore.Mvc.Infrastructure.ClientErrorResultFilter. 
2025-03-05 13:07:38.5548 | TRACE | Result Filter: After executing OnResultExecuted on filter Microsoft.AspNetCore.Mvc.Infrastructure.ClientErrorResultFilter. 
2025-03-05 13:07:49.0069 | TRACE | All hosts are allowed. 
2025-03-05 13:07:49.0069 | TRACE | Action Filter: Before executing OnActionExecuting on filter Microsoft.AspNetCore.Mvc.ModelBinding.UnsupportedContentTypeFilter. 
2025-03-05 13:07:49.0069 | TRACE | Action Filter: After executing OnActionExecuting on filter Microsoft.AspNetCore.Mvc.ModelBinding.UnsupportedContentTypeFilter. 
2025-03-05 13:07:49.0069 | TRACE | Action Filter: Before executing OnActionExecuting on filter Microsoft.AspNetCore.Mvc.Infrastructure.ModelStateInvalidFilter. 
2025-03-05 13:07:49.0069 | TRACE | Action Filter: After executing OnActionExecuting on filter Microsoft.AspNetCore.Mvc.Infrastructure.ModelStateInvalidFilter. 
2025-03-05 13:07:49.0069 | TRACE | Executing action method FullDemo.Controllers.ItemsController.GetItems (FullDemo) with arguments (string) 
2025-03-05 13:07:49.1348 | TRACE | Action Filter: Before executing OnActionExecuted on filter Microsoft.AspNetCore.Mvc.Infrastructure.ModelStateInvalidFilter. 
2025-03-05 13:07:49.1348 | TRACE | Action Filter: After executing OnActionExecuted on filter Microsoft.AspNetCore.Mvc.Infrastructure.ModelStateInvalidFilter. 
2025-03-05 13:07:49.1348 | TRACE | Action Filter: Before executing OnActionExecuted on filter Microsoft.AspNetCore.Mvc.ModelBinding.UnsupportedContentTypeFilter. 
2025-03-05 13:07:49.1348 | TRACE | Action Filter: After executing OnActionExecuted on filter Microsoft.AspNetCore.Mvc.ModelBinding.UnsupportedContentTypeFilter. 
2025-03-05 13:07:49.1348 | TRACE | Result Filter: Before executing OnResultExecuting on filter Microsoft.AspNetCore.Mvc.Infrastructure.ClientErrorResultFilter. 
2025-03-05 13:07:49.1348 | TRACE | Result Filter: After executing OnResultExecuting on filter Microsoft.AspNetCore.Mvc.Infrastructure.ClientErrorResultFilter. 
2025-03-05 13:07:49.1348 | TRACE | Before executing action result Microsoft.AspNetCore.Mvc.OkObjectResult. 
2025-03-05 13:07:49.1348 | TRACE | After executing action result Microsoft.AspNetCore.Mvc.OkObjectResult. 
2025-03-05 13:07:49.1348 | TRACE | Result Filter: Before executing OnResultExecuted on filter Microsoft.AspNetCore.Mvc.Infrastructure.ClientErrorResultFilter. 
2025-03-05 13:07:49.1348 | TRACE | Result Filter: After executing OnResultExecuted on filter Microsoft.AspNetCore.Mvc.Infrastructure.ClientErrorResultFilter. 
2025-03-05 13:08:13.0363 | TRACE | All hosts are allowed. 
2025-03-05 13:08:13.0749 | TRACE | Action Filter: Before executing OnActionExecuting on filter Microsoft.AspNetCore.Mvc.ModelBinding.UnsupportedContentTypeFilter. 
2025-03-05 13:08:13.0749 | TRACE | Action Filter: After executing OnActionExecuting on filter Microsoft.AspNetCore.Mvc.ModelBinding.UnsupportedContentTypeFilter. 
2025-03-05 13:08:13.0749 | TRACE | Action Filter: Before executing OnActionExecuting on filter Microsoft.AspNetCore.Mvc.Infrastructure.ModelStateInvalidFilter. 
2025-03-05 13:08:13.0749 | TRACE | Action Filter: After executing OnActionExecuting on filter Microsoft.AspNetCore.Mvc.Infrastructure.ModelStateInvalidFilter. 
2025-03-05 13:08:13.0749 | TRACE | Executing action method FullDemo.Controllers.ItemsController.UpdateItem (FullDemo) with arguments (1, FullDemo.Models.DTO.DTOITH04) 
2025-03-05 13:08:13.1233 | TRACE | Action Filter: Before executing OnActionExecuted on filter Microsoft.AspNetCore.Mvc.Infrastructure.ModelStateInvalidFilter. 
2025-03-05 13:08:13.1233 | TRACE | Action Filter: After executing OnActionExecuted on filter Microsoft.AspNetCore.Mvc.Infrastructure.ModelStateInvalidFilter. 
2025-03-05 13:08:13.1233 | TRACE | Action Filter: Before executing OnActionExecuted on filter Microsoft.AspNetCore.Mvc.ModelBinding.UnsupportedContentTypeFilter. 
2025-03-05 13:08:13.1233 | TRACE | Action Filter: After executing OnActionExecuted on filter Microsoft.AspNetCore.Mvc.ModelBinding.UnsupportedContentTypeFilter. 
2025-03-05 13:08:13.1233 | TRACE | Result Filter: Before executing OnResultExecuting on filter Microsoft.AspNetCore.Mvc.Infrastructure.ClientErrorResultFilter. 
2025-03-05 13:08:13.1233 | TRACE | Result Filter: After executing OnResultExecuting on filter Microsoft.AspNetCore.Mvc.Infrastructure.ClientErrorResultFilter. 
2025-03-05 13:08:13.1233 | TRACE | Before executing action result Microsoft.AspNetCore.Mvc.BadRequestObjectResult. 
2025-03-05 13:08:13.1233 | TRACE | After executing action result Microsoft.AspNetCore.Mvc.BadRequestObjectResult. 
2025-03-05 13:08:13.1233 | TRACE | Result Filter: Before executing OnResultExecuted on filter Microsoft.AspNetCore.Mvc.Infrastructure.ClientErrorResultFilter. 
2025-03-05 13:08:13.1233 | TRACE | Result Filter: After executing OnResultExecuted on filter Microsoft.AspNetCore.Mvc.Infrastructure.ClientErrorResultFilter. 
2025-03-05 13:08:20.7263 | TRACE | All hosts are allowed. 
2025-03-05 13:08:20.7263 | TRACE | Action Filter: Before executing OnActionExecuting on filter Microsoft.AspNetCore.Mvc.ModelBinding.UnsupportedContentTypeFilter. 
2025-03-05 13:08:20.7263 | TRACE | Action Filter: After executing OnActionExecuting on filter Microsoft.AspNetCore.Mvc.ModelBinding.UnsupportedContentTypeFilter. 
2025-03-05 13:08:20.7263 | TRACE | Action Filter: Before executing OnActionExecuting on filter Microsoft.AspNetCore.Mvc.Infrastructure.ModelStateInvalidFilter. 
2025-03-05 13:08:20.7263 | TRACE | Action Filter: After executing OnActionExecuting on filter Microsoft.AspNetCore.Mvc.Infrastructure.ModelStateInvalidFilter. 
2025-03-05 13:08:20.7263 | TRACE | Executing action method FullDemo.Controllers.ItemsController.UpdateItem (FullDemo) with arguments (1, FullDemo.Models.DTO.DTOITH04) 
2025-03-05 13:08:20.7263 | TRACE | Action Filter: Before executing OnActionExecuted on filter Microsoft.AspNetCore.Mvc.Infrastructure.ModelStateInvalidFilter. 
2025-03-05 13:08:20.7263 | TRACE | Action Filter: After executing OnActionExecuted on filter Microsoft.AspNetCore.Mvc.Infrastructure.ModelStateInvalidFilter. 
2025-03-05 13:08:20.7263 | TRACE | Action Filter: Before executing OnActionExecuted on filter Microsoft.AspNetCore.Mvc.ModelBinding.UnsupportedContentTypeFilter. 
2025-03-05 13:08:20.7263 | TRACE | Action Filter: After executing OnActionExecuted on filter Microsoft.AspNetCore.Mvc.ModelBinding.UnsupportedContentTypeFilter. 
2025-03-05 13:08:20.7263 | TRACE | Result Filter: Before executing OnResultExecuting on filter Microsoft.AspNetCore.Mvc.Infrastructure.ClientErrorResultFilter. 
2025-03-05 13:08:20.7263 | TRACE | Result Filter: After executing OnResultExecuting on filter Microsoft.AspNetCore.Mvc.Infrastructure.ClientErrorResultFilter. 
2025-03-05 13:08:20.7263 | TRACE | Before executing action result Microsoft.AspNetCore.Mvc.BadRequestObjectResult. 
2025-03-05 13:08:20.7263 | TRACE | After executing action result Microsoft.AspNetCore.Mvc.BadRequestObjectResult. 
2025-03-05 13:08:20.7263 | TRACE | Result Filter: Before executing OnResultExecuted on filter Microsoft.AspNetCore.Mvc.Infrastructure.ClientErrorResultFilter. 
2025-03-05 13:08:20.7263 | TRACE | Result Filter: After executing OnResultExecuted on filter Microsoft.AspNetCore.Mvc.Infrastructure.ClientErrorResultFilter. 
2025-03-05 13:08:31.3943 | TRACE | All hosts are allowed. 
2025-03-05 13:08:31.3991 | TRACE | Action Filter: Before executing OnActionExecuting on filter Microsoft.AspNetCore.Mvc.ModelBinding.UnsupportedContentTypeFilter. 
2025-03-05 13:08:31.3991 | TRACE | Action Filter: After executing OnActionExecuting on filter Microsoft.AspNetCore.Mvc.ModelBinding.UnsupportedContentTypeFilter. 
2025-03-05 13:08:31.3991 | TRACE | Action Filter: Before executing OnActionExecuting on filter Microsoft.AspNetCore.Mvc.Infrastructure.ModelStateInvalidFilter. 
2025-03-05 13:08:31.3991 | TRACE | Action Filter: After executing OnActionExecuting on filter Microsoft.AspNetCore.Mvc.Infrastructure.ModelStateInvalidFilter. 
2025-03-05 13:08:31.3991 | TRACE | Executing action method FullDemo.Controllers.ItemsController.DeleteItem (FullDemo) with arguments (1) 
2025-03-05 13:08:31.3991 | TRACE | Action Filter: Before executing OnActionExecuted on filter Microsoft.AspNetCore.Mvc.Infrastructure.ModelStateInvalidFilter. 
2025-03-05 13:08:31.3991 | TRACE | Action Filter: After executing OnActionExecuted on filter Microsoft.AspNetCore.Mvc.Infrastructure.ModelStateInvalidFilter. 
2025-03-05 13:08:31.3991 | TRACE | Action Filter: Before executing OnActionExecuted on filter Microsoft.AspNetCore.Mvc.ModelBinding.UnsupportedContentTypeFilter. 
2025-03-05 13:08:31.3991 | TRACE | Action Filter: After executing OnActionExecuted on filter Microsoft.AspNetCore.Mvc.ModelBinding.UnsupportedContentTypeFilter. 
2025-03-05 13:08:31.3991 | TRACE | Result Filter: Before executing OnResultExecuting on filter Microsoft.AspNetCore.Mvc.Infrastructure.ClientErrorResultFilter. 
2025-03-05 13:08:31.3991 | TRACE | Result Filter: After executing OnResultExecuting on filter Microsoft.AspNetCore.Mvc.Infrastructure.ClientErrorResultFilter. 
2025-03-05 13:08:31.3991 | TRACE | Before executing action result Microsoft.AspNetCore.Mvc.OkObjectResult. 
2025-03-05 13:08:31.3991 | TRACE | After executing action result Microsoft.AspNetCore.Mvc.OkObjectResult. 
2025-03-05 13:08:31.3991 | TRACE | Result Filter: Before executing OnResultExecuted on filter Microsoft.AspNetCore.Mvc.Infrastructure.ClientErrorResultFilter. 
2025-03-05 13:08:31.3991 | TRACE | Result Filter: After executing OnResultExecuted on filter Microsoft.AspNetCore.Mvc.Infrastructure.ClientErrorResultFilter. 
2025-03-05 13:10:14.6518 | TRACE | All hosts are allowed. 
2025-03-05 13:10:14.6650 | TRACE | Action Filter: Before executing OnActionExecuting on filter Microsoft.AspNetCore.Mvc.ModelBinding.UnsupportedContentTypeFilter. 
2025-03-05 13:10:14.6650 | TRACE | Action Filter: After executing OnActionExecuting on filter Microsoft.AspNetCore.Mvc.ModelBinding.UnsupportedContentTypeFilter. 
2025-03-05 13:10:14.6650 | TRACE | Action Filter: Before executing OnActionExecuting on filter Microsoft.AspNetCore.Mvc.Infrastructure.ModelStateInvalidFilter. 
2025-03-05 13:10:14.6650 | TRACE | Action Filter: After executing OnActionExecuting on filter Microsoft.AspNetCore.Mvc.Infrastructure.ModelStateInvalidFilter. 
2025-03-05 13:10:14.6650 | TRACE | Action Filter: Before executing OnActionExecuted on filter Microsoft.AspNetCore.Mvc.ModelBinding.UnsupportedContentTypeFilter. 
2025-03-05 13:10:14.6650 | TRACE | Action Filter: After executing OnActionExecuted on filter Microsoft.AspNetCore.Mvc.ModelBinding.UnsupportedContentTypeFilter. 
2025-03-05 13:10:14.6650 | TRACE | Result Filter: Before executing OnResultExecuting on filter Microsoft.AspNetCore.Mvc.Infrastructure.ClientErrorResultFilter. 
2025-03-05 13:10:14.6650 | TRACE | Result Filter: After executing OnResultExecuting on filter Microsoft.AspNetCore.Mvc.Infrastructure.ClientErrorResultFilter. 
2025-03-05 13:10:14.6650 | TRACE | Before executing action result Microsoft.AspNetCore.Mvc.BadRequestObjectResult. 
2025-03-05 13:10:14.6867 | TRACE | After executing action result Microsoft.AspNetCore.Mvc.BadRequestObjectResult. 
2025-03-05 13:10:14.6867 | TRACE | Result Filter: Before executing OnResultExecuted on filter Microsoft.AspNetCore.Mvc.Infrastructure.ClientErrorResultFilter. 
2025-03-05 13:10:14.6867 | TRACE | Result Filter: After executing OnResultExecuted on filter Microsoft.AspNetCore.Mvc.Infrastructure.ClientErrorResultFilter. 
2025-03-05 13:10:24.9460 | TRACE | All hosts are allowed. 
2025-03-05 13:10:24.9460 | TRACE | Action Filter: Before executing OnActionExecuting on filter Microsoft.AspNetCore.Mvc.ModelBinding.UnsupportedContentTypeFilter. 
2025-03-05 13:10:24.9460 | TRACE | Action Filter: After executing OnActionExecuting on filter Microsoft.AspNetCore.Mvc.ModelBinding.UnsupportedContentTypeFilter. 
2025-03-05 13:10:24.9460 | TRACE | Action Filter: Before executing OnActionExecuting on filter Microsoft.AspNetCore.Mvc.Infrastructure.ModelStateInvalidFilter. 
2025-03-05 13:10:24.9460 | TRACE | Action Filter: After executing OnActionExecuting on filter Microsoft.AspNetCore.Mvc.Infrastructure.ModelStateInvalidFilter. 
2025-03-05 13:10:24.9460 | TRACE | Executing action method FullDemo.Controllers.UsersController.Update (FullDemo) with arguments (3, FullDemo.Models.DTO.DTOITH01) 
2025-03-05 13:10:24.9460 | TRACE | Action Filter: Before executing OnActionExecuted on filter Microsoft.AspNetCore.Mvc.Infrastructure.ModelStateInvalidFilter. 
2025-03-05 13:10:24.9460 | TRACE | Action Filter: After executing OnActionExecuted on filter Microsoft.AspNetCore.Mvc.Infrastructure.ModelStateInvalidFilter. 
2025-03-05 13:10:24.9460 | TRACE | Action Filter: Before executing OnActionExecuted on filter Microsoft.AspNetCore.Mvc.ModelBinding.UnsupportedContentTypeFilter. 
2025-03-05 13:10:24.9460 | TRACE | Action Filter: After executing OnActionExecuted on filter Microsoft.AspNetCore.Mvc.ModelBinding.UnsupportedContentTypeFilter. 
2025-03-05 13:10:24.9460 | TRACE | Result Filter: Before executing OnResultExecuting on filter Microsoft.AspNetCore.Mvc.Infrastructure.ClientErrorResultFilter. 
2025-03-05 13:10:24.9460 | TRACE | Result Filter: After executing OnResultExecuting on filter Microsoft.AspNetCore.Mvc.Infrastructure.ClientErrorResultFilter. 
2025-03-05 13:10:24.9460 | TRACE | Before executing action result Microsoft.AspNetCore.Mvc.OkObjectResult. 
2025-03-05 13:10:24.9460 | TRACE | After executing action result Microsoft.AspNetCore.Mvc.OkObjectResult. 
2025-03-05 13:10:24.9460 | TRACE | Result Filter: Before executing OnResultExecuted on filter Microsoft.AspNetCore.Mvc.Infrastructure.ClientErrorResultFilter. 
2025-03-05 13:10:24.9460 | TRACE | Result Filter: After executing OnResultExecuted on filter Microsoft.AspNetCore.Mvc.Infrastructure.ClientErrorResultFilter. 
2025-03-05 13:15:37.5010 | TRACE | All hosts are allowed. 
2025-03-05 13:15:37.9293 | TRACE | All hosts are allowed. 
2025-03-05 13:16:00.5349 | TRACE | All hosts are allowed. 
2025-03-05 15:55:20.9624 | TRACE | All hosts are allowed. 
2025-03-05 15:55:21.5246 | TRACE | All hosts are allowed. 
2025-03-05 15:55:28.9533 | TRACE | All hosts are allowed. 
2025-03-05 15:55:29.6432 | TRACE | Action Filter: Before executing OnActionExecuting on filter Microsoft.AspNetCore.Mvc.ModelBinding.UnsupportedContentTypeFilter. 
2025-03-05 15:55:29.6432 | TRACE | Action Filter: After executing OnActionExecuting on filter Microsoft.AspNetCore.Mvc.ModelBinding.UnsupportedContentTypeFilter. 
2025-03-05 15:55:29.6432 | TRACE | Action Filter: Before executing OnActionExecuting on filter Microsoft.AspNetCore.Mvc.Infrastructure.ModelStateInvalidFilter. 
2025-03-05 15:55:29.6432 | TRACE | Action Filter: After executing OnActionExecuting on filter Microsoft.AspNetCore.Mvc.Infrastructure.ModelStateInvalidFilter. 
2025-03-05 15:55:29.6432 | TRACE | Executing action method FullDemo.Controllers.UsersController.Signup (FullDemo) with arguments (FullDemo.Models.DTO.DTOITH01) 
2025-03-05 15:55:29.8056 | TRACE | Action Filter: Before executing OnActionExecuted on filter Microsoft.AspNetCore.Mvc.Infrastructure.ModelStateInvalidFilter. 
2025-03-05 15:55:29.8056 | TRACE | Action Filter: After executing OnActionExecuted on filter Microsoft.AspNetCore.Mvc.Infrastructure.ModelStateInvalidFilter. 
2025-03-05 15:55:29.8056 | TRACE | Action Filter: Before executing OnActionExecuted on filter Microsoft.AspNetCore.Mvc.ModelBinding.UnsupportedContentTypeFilter. 
2025-03-05 15:55:29.8056 | TRACE | Action Filter: After executing OnActionExecuted on filter Microsoft.AspNetCore.Mvc.ModelBinding.UnsupportedContentTypeFilter. 
2025-03-05 15:55:29.8878 | TRACE | Exception Filter: Before executing OnException on filter FullDemo.Filters.CustomExceptionFilter. 
2025-03-05 15:55:29.9675 | TRACE | Exception Filter: After executing OnException on filter FullDemo.Filters.CustomExceptionFilter. 
2025-03-05 15:55:29.9675 | TRACE | Always Run Result Filter: Before executing OnResultExecuting on filter Microsoft.AspNetCore.Mvc.Infrastructure.ClientErrorResultFilter. 
2025-03-05 15:55:29.9675 | TRACE | Always Run Result Filter: After executing OnResultExecuting on filter Microsoft.AspNetCore.Mvc.Infrastructure.ClientErrorResultFilter. 
2025-03-05 15:55:29.9675 | TRACE | Before executing action result Microsoft.AspNetCore.Mvc.ObjectResult. 
2025-03-05 15:55:29.9838 | TRACE | After executing action result Microsoft.AspNetCore.Mvc.ObjectResult. 
2025-03-05 15:55:29.9838 | TRACE | Always Run Result Filter: Before executing OnResultExecuted on filter Microsoft.AspNetCore.Mvc.Infrastructure.ClientErrorResultFilter. 
2025-03-05 15:55:29.9838 | TRACE | Always Run Result Filter: After executing OnResultExecuted on filter Microsoft.AspNetCore.Mvc.Infrastructure.ClientErrorResultFilter. 
